0 verbose cli [
0 verbose cli   'C:\\Program Files\\nodejs\\node.exe',
0 verbose cli   'C:\\Program Files\\nodejs\\node_modules\\npm\\bin\\npm-cli.js',
0 verbose cli   'test'
0 verbose cli ]
1 info using npm@7.13.0
2 info using node@v16.2.0
3 timing npm:load:whichnode Completed in 2ms
4 timing config:load:defaults Completed in 1ms
5 timing config:load:file:C:\Program Files\nodejs\node_modules\npm\npmrc Completed in 1ms
6 timing config:load:builtin Completed in 1ms
7 timing config:load:cli Completed in 1ms
8 timing config:load:env Completed in 1ms
9 timing config:load:file:C:\Users\edu-msk22-208s\Desktop\microraspisanie\.npmrc Completed in 0ms
10 timing config:load:project Completed in 0ms
11 timing config:load:file:C:\Users\edu-msk22-208s\.npmrc Completed in 0ms
12 timing config:load:user Completed in 0ms
13 timing config:load:file:C:\Users\edu-msk22-208s\AppData\Roaming\npm\etc\npmrc Completed in 0ms
14 timing config:load:global Completed in 0ms
15 timing config:load:validate Completed in 1ms
16 timing config:load:credentials Completed in 0ms
17 timing config:load:setEnvs Completed in 1ms
18 timing config:load Completed in 6ms
19 timing npm:load:configload Completed in 6ms
20 timing npm:load:setTitle Completed in 0ms
21 timing npm:load:setupLog Completed in 1ms
22 timing npm:load:cleanupLog Completed in 2ms
23 timing npm:load:configScope Completed in 0ms
24 timing npm:load:projectScope Completed in 0ms
25 timing npm:load Completed in 11ms
26 timing config:load:flatten Completed in 1ms
27 timing command:run-script Completed in 1ms
28 timing command:test Completed in 8ms
29 verbose stack JSONParseError: Unexpected token ":" (0x3A) in JSON at position 9 while parsing near "\"scripts\": {\r\n    \"test\": \"je..."
29 verbose stack     at C:\Program Files\nodejs\node_modules\npm\node_modules\read-package-json-fast\index.js:6:44
29 verbose stack     at async RunScript.run (C:\Program Files\nodejs\node_modules\npm\lib\run-script.js:81:19)
30 verbose cwd C:\Users\edu-msk22-208s\Desktop\microraspisanie
31 verbose Windows_NT 10.0.19042
32 verbose argv "C:\\Program Files\\nodejs\\node.exe" "C:\\Program Files\\nodejs\\node_modules\\npm\\bin\\npm-cli.js" "test"
33 verbose node v16.2.0
34 verbose npm  v7.13.0
35 error code EJSONPARSE
36 error path C:\Users\edu-msk22-208s\Desktop\microraspisanie/package.json
37 error JSON.parse Unexpected token ":" (0x3A) in JSON at position 9 while parsing near "\"scripts\": {\r\n    \"test\": \"je..."
38 error JSON.parse Failed to parse JSON data.
38 error JSON.parse Note: package.json must be actual JSON, not just JavaScript.
39 verbose exit 1
